"C:/Users/jaheoung/Desktop/study2/FirstGame 4.27/Content/MyResource/MyFontMat.uasset" 0
"C:/Users/jaheoung/Desktop/study2/FirstGame 4.27/Content/MyResource/MyFontMat.uexp" 1
"C:/Users/jaheoung/Desktop/study2/FirstGame 4.27/Content/MyResource/BP_HpBar.uasset" 2
"C:/Users/jaheoung/Desktop/study2/FirstGame 4.27/Content/MyResource/BP_HpBar.uexp" 3
"C:/Users/jaheoung/Desktop/study2/FirstGame 4.27/Content/MyResource/Images/myUnitIcon.uasset" 4
"C:/Users/jaheoung/Desktop/study2/FirstGame 4.27/Content/MyResource/Images/myUnitIcon.uexp" 5
"C:/Users/jaheoung/Desktop/study2/FirstGame 4.27/Content/MyResource/Images/minimap.uasset" 6
"C:/Users/jaheoung/Desktop/study2/FirstGame 4.27/Content/MyResource/Images/minimap.uexp" 7
"C:/Users/jaheoung/Desktop/study2/FirstGame 4.27/Content/MyResource/BP_Minimap.uasset" 8
"C:/Users/jaheoung/Desktop/study2/FirstGame 4.27/Content/MyResource/BP_Minimap.uexp" 9
"C:/Users/jaheoung/Desktop/study2/FirstGame 4.27/Content/MyResource/BP_HUD.uasset" 10
"C:/Users/jaheoung/Desktop/study2/FirstGame 4.27/Content/MyResource/BP_HUD.uexp" 11
"C:/Users/jaheoung/Desktop/study2/FirstGame 4.27/Content/MyResource/BP_Interaction.uasset" 12
"C:/Users/jaheoung/Desktop/study2/FirstGame 4.27/Content/MyResource/BP_Interaction.uexp" 13
"C:/Users/jaheoung/Desktop/study2/FirstGame 4.27/Content/MyResource/BP_InventoryItem.uasset" 14
"C:/Users/jaheoung/Desktop/study2/FirstGame 4.27/Content/MyResource/BP_InventoryItem.uexp" 15
"C:/Users/jaheoung/Desktop/study2/FirstGame 4.27/Content/MyResource/BP_Inventory.uasset" 16
"C:/Users/jaheoung/Desktop/study2/FirstGame 4.27/Content/MyResource/BP_Inventory.uexp" 17
"C:/Users/jaheoung/Desktop/study2/FirstGame 4.27/Content/MyResource/BP_MainWidget.uasset" 18
"C:/Users/jaheoung/Desktop/study2/FirstGame 4.27/Content/MyResource/BP_MainWidget.uexp" 19
"C:/Users/jaheoung/Desktop/study2/FirstGame 4.27/Content/MyResource/Images/npcIcon.uasset" 20
"C:/Users/jaheoung/Desktop/study2/FirstGame 4.27/Content/MyResource/Images/npcIcon.uexp" 21
"C:/Users/jaheoung/Desktop/study2/FirstGame 4.27/Content/MyResource/BP_MinimapNpcIcon.uasset" 22
"C:/Users/jaheoung/Desktop/study2/FirstGame 4.27/Content/MyResource/BP_MinimapNpcIcon.uexp" 23
"C:/Users/jaheoung/Desktop/study2/FirstGame 4.27/Content/MyResource/BP_MyCamActor.uasset" 24
"C:/Users/jaheoung/Desktop/study2/FirstGame 4.27/Content/MyResource/BP_MyCamActor.uexp" 25
"C:/Users/jaheoung/Desktop/study2/FirstGame 4.27/Content/MyResource/MyNpc/myNpc_Skeleton.uasset" 26
"C:/Users/jaheoung/Desktop/study2/FirstGame 4.27/Content/MyResource/MyNpc/myNpc_Skeleton.uexp" 27
"../../../Engine/Content/Animation/DefaultAnimCurveCompressionSettings.uasset" 28
"../../../Engine/Content/Animation/DefaultAnimCurveCompressionSettings.uexp" 29
"../../../Engine/Content/Animation/DefaultAnimBoneCompressionSettings.uasset" 30
"../../../Engine/Content/Animation/DefaultAnimBoneCompressionSettings.uexp" 31
"C:/Users/jaheoung/Desktop/study2/FirstGame 4.27/Content/MyResource/MyNpc/myNpc_Anim_Run2.uasset" 32
"C:/Users/jaheoung/Desktop/study2/FirstGame 4.27/Content/MyResource/MyNpc/myNpc_Anim_Run2.uexp" 33
"C:/Users/jaheoung/Desktop/study2/FirstGame 4.27/Content/MyResource/MyNpc/myNpc_Anim_Idle.uasset" 34
"C:/Users/jaheoung/Desktop/study2/FirstGame 4.27/Content/MyResource/MyNpc/myNpc_Anim_Idle.uexp" 35
"C:/Users/jaheoung/Desktop/study2/FirstGame 4.27/Content/MyResource/MyNpc/myNpc_Anim_Attack.uasset" 36
"C:/Users/jaheoung/Desktop/study2/FirstGame 4.27/Content/MyResource/MyNpc/myNpc_Anim_Attack.uexp" 37
"C:/Users/jaheoung/Desktop/study2/FirstGame 4.27/Content/MyResource/BP_MyNpcAnim_base.uasset" 38
"C:/Users/jaheoung/Desktop/study2/FirstGame 4.27/Content/MyResource/BP_MyNpcAnim_base.uexp" 39
"C:/Users/jaheoung/Desktop/study2/FirstGame 4.27/Content/MyResource/MyUnit/myUnit_edit_Skeleton.uasset" 40
"C:/Users/jaheoung/Desktop/study2/FirstGame 4.27/Content/MyResource/MyUnit/myUnit_edit_Skeleton.uexp" 41
"C:/Users/jaheoung/Desktop/study2/FirstGame 4.27/Content/MyResource/MyUnit/myUnit_edit_Root_EvationSkill.uasset" 42
"C:/Users/jaheoung/Desktop/study2/FirstGame 4.27/Content/MyResource/MyUnit/myUnit_edit_Root_EvationSkill.uexp" 43
"C:/Users/jaheoung/Desktop/study2/FirstGame 4.27/Content/MyResource/MyUnit/myUnit_edit_Root_DefaultSkill.uasset" 44
"C:/Users/jaheoung/Desktop/study2/FirstGame 4.27/Content/MyResource/MyUnit/myUnit_edit_Root_DefaultSkill.uexp" 45
"C:/Users/jaheoung/Desktop/study2/FirstGame 4.27/Content/MyResource/MyUnit/myUnit_edit_Anim_Root_Run.uasset" 46
"C:/Users/jaheoung/Desktop/study2/FirstGame 4.27/Content/MyResource/MyUnit/myUnit_edit_Anim_Root_Run.uexp" 47
"C:/Users/jaheoung/Desktop/study2/FirstGame 4.27/Content/MyResource/MyUnit/myUnit_edit_Anim_Root_Idle.uasset" 48
"C:/Users/jaheoung/Desktop/study2/FirstGame 4.27/Content/MyResource/MyUnit/myUnit_edit_Anim_Root_Idle.uexp" 49
"C:/Users/jaheoung/Desktop/study2/FirstGame 4.27/Content/MyResource/BP_MyUnitAnim_backup.uasset" 50
"C:/Users/jaheoung/Desktop/study2/FirstGame 4.27/Content/MyResource/BP_MyUnitAnim_backup.uexp" 51
"C:/Users/jaheoung/Desktop/study2/FirstGame 4.27/Content/MyResource/MyUnit/myUnit_edit_twoGun_Root_Idle_two_gun.uasset" 52
"C:/Users/jaheoung/Desktop/study2/FirstGame 4.27/Content/MyResource/MyUnit/myUnit_edit_twoGun_Root_Idle_two_gun.uexp" 53
"C:/Users/jaheoung/Desktop/study2/FirstGame 4.27/Content/MyResource/BP_MyUnitAnim_base.uasset" 54
"C:/Users/jaheoung/Desktop/study2/FirstGame 4.27/Content/MyResource/BP_MyUnitAnim_base.uexp" 55
"C:/Users/jaheoung/Desktop/study2/FirstGame 4.27/Content/MyResource/BP_MyUnitAnim_singleGun.uasset" 56
"C:/Users/jaheoung/Desktop/study2/FirstGame 4.27/Content/MyResource/BP_MyUnitAnim_singleGun.uexp" 57
"C:/Users/jaheoung/Desktop/study2/FirstGame 4.27/Content/MyResource/BP_Option.uasset" 58
"C:/Users/jaheoung/Desktop/study2/FirstGame 4.27/Content/MyResource/BP_Option.uexp" 59
"C:/Users/jaheoung/Desktop/study2/FirstGame 4.27/Content/MyResource/MyUnit/myUnit_edit_twoGun_Root_DefaultSkill_two_gun.uasset" 60
"C:/Users/jaheoung/Desktop/study2/FirstGame 4.27/Content/MyResource/MyUnit/myUnit_edit_twoGun_Root_DefaultSkill_two_gun.uexp" 61
"C:/Users/jaheoung/Desktop/study2/FirstGame 4.27/Content/MyResource/DefaultSkillMontage_singleGun.uasset" 62
"C:/Users/jaheoung/Desktop/study2/FirstGame 4.27/Content/MyResource/DefaultSkillMontage_singleGun.uexp" 63
"C:/Users/jaheoung/Desktop/study2/FirstGame 4.27/Content/MyResource/DefaultSkillMontage_singleSword.uasset" 64
"C:/Users/jaheoung/Desktop/study2/FirstGame 4.27/Content/MyResource/DefaultSkillMontage_singleSword.uexp" 65
"C:/Users/jaheoung/Desktop/study2/FirstGame 4.27/Content/MyResource/EvationSkillMontage_singleSword.uasset" 66
"C:/Users/jaheoung/Desktop/study2/FirstGame 4.27/Content/MyResource/EvationSkillMontage_singleSword.uexp" 67
"../../../Engine/Content/EngineMaterials/OrientParticle.uasset" 68
"../../../Engine/Content/EngineMaterials/OrientParticle.uexp" 69
"../../../Engine/Content/EngineMaterials/DefaultParticle.uasset" 70
"../../../Engine/Content/EngineMaterials/DefaultParticle.uexp" 71
"C:/Users/jaheoung/Desktop/study2/FirstGame 4.27/Content/MyResource/TestParticle.uasset" 72
"C:/Users/jaheoung/Desktop/study2/FirstGame 4.27/Content/MyResource/TestParticle.uexp" 73
"C:/Users/jaheoung/Desktop/study2/FirstGame 4.27/Content/MyResource/Images/numberGrid.uasset" 74
"C:/Users/jaheoung/Desktop/study2/FirstGame 4.27/Content/MyResource/Images/numberGrid.uexp" 75
"C:/Users/jaheoung/Desktop/study2/FirstGame 4.27/Content/MyResource/ToolMeshMaterial.uasset" 76
"C:/Users/jaheoung/Desktop/study2/FirstGame 4.27/Content/MyResource/ToolMeshMaterial.uexp" 77
"C:/Users/jaheoung/Desktop/study2/FirstGame 4.27/Content/MyResource/Box/Material.uasset" 78
"C:/Users/jaheoung/Desktop/study2/FirstGame 4.27/Content/MyResource/Box/Material.uexp" 79
"C:/Users/jaheoung/Desktop/study2/FirstGame 4.27/Content/MyResource/Box/Box.uasset" 80
"C:/Users/jaheoung/Desktop/study2/FirstGame 4.27/Content/MyResource/Box/Box.uexp" 81
"C:/Users/jaheoung/Desktop/study2/FirstGame 4.27/Content/MyResource/Images/gold.uasset" 82
"C:/Users/jaheoung/Desktop/study2/FirstGame 4.27/Content/MyResource/Images/gold.uexp" 83
"C:/Users/jaheoung/Desktop/study2/FirstGame 4.27/Content/MyResource/Images/meat.uasset" 84
"C:/Users/jaheoung/Desktop/study2/FirstGame 4.27/Content/MyResource/Images/meat.uexp" 85
"C:/Users/jaheoung/Desktop/study2/FirstGame 4.27/Content/MyResource/MapSource/Grass_LayerInfo.uasset" 86
"C:/Users/jaheoung/Desktop/study2/FirstGame 4.27/Content/MyResource/MapSource/Grass_LayerInfo.uexp" 87
"../../../Engine/Content/EngineMaterials/WeightMapPlaceholderTexture.uasset" 88
"../../../Engine/Content/EngineMaterials/WeightMapPlaceholderTexture.uexp" 89
"C:/Users/jaheoung/Desktop/study2/FirstGame 4.27/Content/MyResource/MapSource/GrassType.uasset" 90
"C:/Users/jaheoung/Desktop/study2/FirstGame 4.27/Content/MyResource/MapSource/GrassType.uexp" 91
"C:/Users/jaheoung/Desktop/study2/FirstGame 4.27/Content/MyResource/MapSource/GressMat.uasset" 92
"C:/Users/jaheoung/Desktop/study2/FirstGame 4.27/Content/MyResource/MapSource/GressMat.uexp" 93
"C:/Users/jaheoung/Desktop/study2/FirstGame 4.27/Content/MyResource/MyNpc/myNpc_PhysicsAsset.uasset" 94
"C:/Users/jaheoung/Desktop/study2/FirstGame 4.27/Content/MyResource/MyNpc/myNpc_PhysicsAsset.uexp" 95
"C:/Users/jaheoung/Desktop/study2/FirstGame 4.27/Content/MyResource/MyNpc/myNpc.uasset" 96
"C:/Users/jaheoung/Desktop/study2/FirstGame 4.27/Content/MyResource/MyNpc/myNpc.uexp" 97
"C:/Users/jaheoung/Desktop/study2/FirstGame 4.27/Content/MyResource/MyUnit/myUnit_edit_PhysicsAsset.uasset" 98
"C:/Users/jaheoung/Desktop/study2/FirstGame 4.27/Content/MyResource/MyUnit/myUnit_edit_PhysicsAsset.uexp" 99
"C:/Users/jaheoung/Desktop/study2/FirstGame 4.27/Content/MyResource/MyUnit/legMat.uasset" 100
"C:/Users/jaheoung/Desktop/study2/FirstGame 4.27/Content/MyResource/MyUnit/legMat.uexp" 101
"C:/Users/jaheoung/Desktop/study2/FirstGame 4.27/Content/MyResource/MyUnit/head.uasset" 102
"C:/Users/jaheoung/Desktop/study2/FirstGame 4.27/Content/MyResource/MyUnit/head.uexp" 103
"C:/Users/jaheoung/Desktop/study2/FirstGame 4.27/Content/MyResource/MyUnit/headMat.uasset" 104
"C:/Users/jaheoung/Desktop/study2/FirstGame 4.27/Content/MyResource/MyUnit/headMat.uexp" 105
"C:/Users/jaheoung/Desktop/study2/FirstGame 4.27/Content/MyResource/MyUnit/hand.uasset" 106
"C:/Users/jaheoung/Desktop/study2/FirstGame 4.27/Content/MyResource/MyUnit/hand.uexp" 107
"C:/Users/jaheoung/Desktop/study2/FirstGame 4.27/Content/MyResource/MyUnit/bodyMat.uasset" 108
"C:/Users/jaheoung/Desktop/study2/FirstGame 4.27/Content/MyResource/MyUnit/bodyMat.uexp" 109
"C:/Users/jaheoung/Desktop/study2/FirstGame 4.27/Content/MyResource/MyUnit/armMat.uasset" 110
"C:/Users/jaheoung/Desktop/study2/FirstGame 4.27/Content/MyResource/MyUnit/armMat.uexp" 111
"C:/Users/jaheoung/Desktop/study2/FirstGame 4.27/Content/MyResource/MyUnit/myUnit_edit.uasset" 112
"C:/Users/jaheoung/Desktop/study2/FirstGame 4.27/Content/MyResource/MyUnit/myUnit_edit.uexp" 113
"../../../Engine/Content/Functions/Engine_MaterialFunctions01/Shading/MetallicShading.uasset" 114
"../../../Engine/Content/Functions/Engine_MaterialFunctions01/Shading/MetallicShading.uexp" 115
"C:/Users/jaheoung/Desktop/study2/FirstGame 4.27/Content/MyResource/Weapon/GunMat.uasset" 116
"C:/Users/jaheoung/Desktop/study2/FirstGame 4.27/Content/MyResource/Weapon/GunMat.uexp" 117
"C:/Users/jaheoung/Desktop/study2/FirstGame 4.27/Content/MyResource/Weapon/singleGun.uasset" 118
"C:/Users/jaheoung/Desktop/study2/FirstGame 4.27/Content/MyResource/Weapon/singleGun.uexp" 119
"C:/Users/jaheoung/Desktop/study2/FirstGame 4.27/Content/MyResource/Weapon/Material.uasset" 120
"C:/Users/jaheoung/Desktop/study2/FirstGame 4.27/Content/MyResource/Weapon/Material.uexp" 121
"C:/Users/jaheoung/Desktop/study2/FirstGame 4.27/Content/MyResource/Weapon/testWeapon.uasset" 122
"C:/Users/jaheoung/Desktop/study2/FirstGame 4.27/Content/MyResource/Weapon/testWeapon.uexp" 123
"../../../Engine/Content/Functions/Engine_MaterialFunctions01/Opacity/CameraDepthFade.uasset" 124
"../../../Engine/Content/Functions/Engine_MaterialFunctions01/Opacity/CameraDepthFade.uexp" 125
"../../../Engine/Content/EngineMaterials/T_Default_Material_Grid_N.uasset" 126
"../../../Engine/Content/EngineMaterials/T_Default_Material_Grid_N.uexp" 127
"../../../Engine/Content/EngineMaterials/T_Default_Material_Grid_N.ubulk" 128
"../../../Engine/Content/EngineMaterials/T_Default_Material_Grid_M.uasset" 129
"../../../Engine/Content/EngineMaterials/T_Default_Material_Grid_M.uexp" 130
"../../../Engine/Content/EngineMaterials/T_Default_Material_Grid_M.ubulk" 131
"../../../Engine/Content/EngineMaterials/WorldGridMaterial.uasset" 132
"../../../Engine/Content/EngineMaterials/WorldGridMaterial.uexp" 133
"../../../Engine/Content/ArtTools/RenderToTexture/Meshes/S_1_Unit_Plane.uasset" 134
"../../../Engine/Content/ArtTools/RenderToTexture/Meshes/S_1_Unit_Plane.uexp" 135
"../../../Engine/Content/EngineMaterials/DefaultMaterial.uasset" 136
"../../../Engine/Content/EngineMaterials/DefaultMaterial.uexp" 137
"../../../Engine/Content/BasicShapes/Cone.uasset" 138
"../../../Engine/Content/BasicShapes/Cone.uexp" 139
"../../../Engine/Content/BasicShapes/Cube.uasset" 140
"../../../Engine/Content/BasicShapes/Cube.uexp" 141
"../../../Engine/Content/BasicShapes/Plane.uasset" 142
"../../../Engine/Content/BasicShapes/Plane.uexp" 143
"../../../Engine/Content/BasicShapes/Sphere.uasset" 144
"../../../Engine/Content/BasicShapes/Sphere.uexp" 145
"../../../Engine/Content/EditorLandscapeResources/DataLayer.uasset" 146
"../../../Engine/Content/EditorLandscapeResources/DataLayer.uexp" 147
"../../../Engine/Content/EditorLandscapeResources/DefaultAlphaTexture.uasset" 148
"../../../Engine/Content/EditorLandscapeResources/DefaultAlphaTexture.uexp" 149
"../../../Engine/Content/EditorMaterials/MAT_Groups_Toggle.uasset" 150
"../../../Engine/Content/EditorMaterials/MAT_Groups_Toggle.uexp" 151
"../../../Engine/Content/EditorMaterials/MAT_Groups_Visibility.uasset" 152
"../../../Engine/Content/EditorMaterials/MAT_Groups_Visibility.uexp" 153
"../../../Engine/Content/EditorMaterials/PreviewShadowIndicator.uasset" 154
"../../../Engine/Content/EditorMaterials/PreviewShadowIndicator.uexp" 155
"../../../Engine/Content/EditorMaterials/PreviewShadowIndicator.ubulk" 156
"../../../Engine/Content/EditorMaterials/PreviewShadowIndicatorMaterial.uasset" 157
"../../../Engine/Content/EditorMaterials/PreviewShadowIndicatorMaterial.uexp" 158
"../../../Engine/Content/EditorMaterials/MatineeGroups/MAT_ColorTrack.uasset" 159
"../../../Engine/Content/EditorMaterials/MatineeGroups/MAT_ColorTrack.uexp" 160
"../../../Engine/Content/EditorMaterials/MatineeGroups/MAT_Groups_Anim.uasset" 161
"../../../Engine/Content/EditorMaterials/MatineeGroups/MAT_Groups_Anim.uexp" 162
"../../../Engine/Content/EditorMaterials/MatineeGroups/MAT_Groups_AudioMaster.uasset" 163
"../../../Engine/Content/EditorMaterials/MatineeGroups/MAT_Groups_AudioMaster.uexp" 164
"../../../Engine/Content/EditorMaterials/MatineeGroups/MAT_Groups_Director.uasset" 165
"../../../Engine/Content/EditorMaterials/MatineeGroups/MAT_Groups_Director.uexp" 166
"../../../Engine/Content/EditorMaterials/MatineeGroups/MAT_Groups_Event.uasset" 167
"../../../Engine/Content/EditorMaterials/MatineeGroups/MAT_Groups_Event.uexp" 168
"../../../Engine/Content/EditorMaterials/MatineeGroups/MAT_Groups_Fade.uasset" 169
"../../../Engine/Content/EditorMaterials/MatineeGroups/MAT_Groups_Fade.uexp" 170
"../../../Engine/Content/EditorMaterials/MatineeGroups/MAT_Groups_Float.uasset" 171
"../../../Engine/Content/EditorMaterials/MatineeGroups/MAT_Groups_Float.uexp" 172
"../../../Engine/Content/EditorMaterials/MatineeGroups/MAT_Groups_Move.uasset" 173
"../../../Engine/Content/EditorMaterials/MatineeGroups/MAT_Groups_Move.uexp" 174
"../../../Engine/Content/EditorMaterials/MatineeGroups/MAT_Groups_Slomo.uasset" 175
"../../../Engine/Content/EditorMaterials/MatineeGroups/MAT_Groups_Slomo.uexp" 176
"../../../Engine/Content/EditorMaterials/MatineeGroups/MAT_Groups_Sound.uasset" 177
"../../../Engine/Content/EditorMaterials/MatineeGroups/MAT_Groups_Sound.uexp" 178
"../../../Engine/Content/EditorMaterials/MatineeGroups/MAT_Groups_Vector.uasset" 179
"../../../Engine/Content/EditorMaterials/MatineeGroups/MAT_Groups_Vector.uexp" 180
"../../../Engine/Content/EditorMaterials/ParticleSystems/PSysThumbnail_NoImage.uasset" 181
"../../../Engine/Content/EditorMaterials/ParticleSystems/PSysThumbnail_NoImage.uexp" 182
"../../../Engine/Content/EditorMaterials/ParticleSystems/PSysThumbnail_NoImage.ubulk" 183
"../../../Engine/Content/EditorMaterials/ParticleSystems/PSysThumbnail_OOD.uasset" 184
"../../../Engine/Content/EditorMaterials/ParticleSystems/PSysThumbnail_OOD.uexp" 185
"../../../Engine/Content/EditorMaterials/ParticleSystems/PSysThumbnail_OOD.ubulk" 186
"../../../Engine/Content/EditorMaterials/Camera/CineMat.uasset" 187
"../../../Engine/Content/EditorMaterials/Camera/CineMat.uexp" 188
"../../../Engine/Content/EditorMaterials/Camera/MI_CineMat_Rig.uasset" 189
"../../../Engine/Content/EditorMaterials/Camera/MI_CineMat_Rig.uexp" 190
"../../../Engine/Content/EditorMeshes/Camera/SM_CraneRig_Arm.uasset" 191
"../../../Engine/Content/EditorMeshes/Camera/SM_CraneRig_Arm.uexp" 192
"../../../Engine/Content/EditorMeshes/Camera/SM_CraneRig_Base.uasset" 193
"../../../Engine/Content/EditorMeshes/Camera/SM_CraneRig_Base.uexp" 194
"../../../Engine/Content/EditorMeshes/Camera/SM_CraneRig_Body.uasset" 195
"../../../Engine/Content/EditorMeshes/Camera/SM_CraneRig_Body.uexp" 196
"../../../Engine/Content/EditorMeshes/Camera/SM_CraneRig_Mount.uasset" 197
"../../../Engine/Content/EditorMeshes/Camera/SM_CraneRig_Mount.uexp" 198
"../../../Engine/Content/EditorMeshes/Camera/SM_RailRig_Mount.uasset" 199
"../../../Engine/Content/EditorMeshes/Camera/SM_RailRig_Mount.uexp" 200
"../../../Engine/Content/EditorMeshes/Camera/SM_RailRig_Track.uasset" 201
"../../../Engine/Content/EditorMeshes/Camera/SM_RailRig_Track.uexp" 202
"../../../Engine/Content/EditorResources/BSPVertex.uasset" 203
"../../../Engine/Content/EditorResources/BSPVertex.uexp" 204
"../../../Engine/Content/EditorResources/EmptyActor.uasset" 205
"../../../Engine/Content/EditorResources/EmptyActor.uexp" 206
"../../../Engine/Content/EditorResources/S_Actor.uasset" 207
"../../../Engine/Content/EditorResources/S_Actor.uexp" 208
"../../../Engine/Content/EditorResources/S_Actor.ubulk" 209
"../../../Engine/Content/EditorResources/S_Note.uasset" 210
"../../../Engine/Content/EditorResources/S_Note.uexp" 211
"../../../Engine/Content/EditorResources/S_Note.ubulk" 212
"../../../Engine/Content/EditorResources/S_Solver.uasset" 213
"../../../Engine/Content/EditorResources/S_Solver.uexp" 214
"../../../Engine/Content/EditorResources/S_Solver.ubulk" 215
"../../../Engine/Content/EditorResources/S_Terrain.uasset" 216
"../../../Engine/Content/EditorResources/S_Terrain.uexp" 217
"../../../Engine/Content/EditorResources/S_Terrain.ubulk" 218
"../../../Engine/Content/EditorResources/S_Trigger.uasset" 219
"../../../Engine/Content/EditorResources/S_Trigger.uexp" 220
"../../../Engine/Content/EditorResources/S_Trigger.ubulk" 221
"../../../Engine/Content/EditorResources/SequenceRecorder/Countdown.uasset" 222
"../../../Engine/Content/EditorResources/SequenceRecorder/Countdown.uexp" 223
"../../../Engine/Content/EditorResources/SequenceRecorder/RecordingIndicator.uasset" 224
"../../../Engine/Content/EditorResources/SequenceRecorder/RecordingIndicator.uexp" 225
"../../../Engine/Content/EngineDamageTypes/DmgTypeBP_Environmental.uasset" 226
"../../../Engine/Content/EngineDamageTypes/DmgTypeBP_Environmental.uexp" 227
"../../../Engine/Content/EngineDebugMaterials/DebugEditorMaterial.uasset" 228
"../../../Engine/Content/EngineDebugMaterials/DebugEditorMaterial.uexp" 229
"../../../Engine/Content/EngineDebugMaterials/DebugMeshMaterial.uasset" 230
"../../../Engine/Content/EngineDebugMaterials/DebugMeshMaterial.uexp" 231
"../../../Engine/Content/EngineDebugMaterials/M_SimpleUnlitTranslucent.uasset" 232
"../../../Engine/Content/EngineDebugMaterials/M_SimpleUnlitTranslucent.uexp" 233
"../../../Engine/Content/EngineDebugMaterials/VolumeToRender.uasset" 234
"../../../Engine/Content/EngineDebugMaterials/VolumeToRender.uexp" 235
"../../../Engine/Content/Functions/Engine_MaterialFunctions02/Utility/CameraDirectionVector.uasset" 236
"../../../Engine/Content/Functions/Engine_MaterialFunctions02/Utility/CameraDirectionVector.uexp" 237
"../../../Engine/Content/EngineDebugMaterials/M_VolumeRenderSphereTracePP.uasset" 238
"../../../Engine/Content/EngineDebugMaterials/M_VolumeRenderSphereTracePP.uexp" 239
"../../../Engine/Content/Functions/Engine_MaterialFunctions01/Shading/ConvertFromDiffSpec.uasset" 240
"../../../Engine/Content/Functions/Engine_MaterialFunctions01/Shading/ConvertFromDiffSpec.uexp" 241
"../../../Engine/Content/EngineDebugMaterials/VertexColorMaterial.uasset" 242
"../../../Engine/Content/EngineDebugMaterials/VertexColorMaterial.uexp" 243
"../../../Engine/Content/EngineDebugMaterials/WireframeMaterial.uasset" 244
"../../../Engine/Content/EngineDebugMaterials/WireframeMaterial.uexp" 245
"../../../Engine/Content/EngineMaterials/BaseFlattenNormalMap.uasset" 246
"../../../Engine/Content/EngineMaterials/BaseFlattenNormalMap.uexp" 247
"../../../Engine/Content/EngineMaterials/BaseFlattenGrayscaleMap.uasset" 248
"../../../Engine/Content/EngineMaterials/BaseFlattenGrayscaleMap.uexp" 249
"../../../Engine/Content/EngineMaterials/BaseFlattenEmissiveMap.uasset" 250
"../../../Engine/Content/EngineMaterials/BaseFlattenEmissiveMap.uexp" 251
"../../../Engine/Content/EngineMaterials/BaseFlattenDiffuseMap.uasset" 252
"../../../Engine/Content/EngineMaterials/BaseFlattenDiffuseMap.uexp" 253
"../../../Engine/Content/EngineMaterials/BaseFlattenMaterial.uasset" 254
"../../../Engine/Content/EngineMaterials/BaseFlattenMaterial.uexp" 255
"../../../Engine/Content/EngineMaterials/BlueNoise.uasset" 256
"../../../Engine/Content/EngineMaterials/BlueNoise.uexp" 257
"../../../Engine/Content/EngineMaterials/DefaultBloomKernel.uasset" 258
"../../../Engine/Content/EngineMaterials/DefaultBloomKernel.uexp" 259
"../../../Engine/Content/EngineMaterials/DefaultBokeh.uasset" 260
"../../../Engine/Content/EngineMaterials/DefaultBokeh.uexp" 261
"../../../Engine/Content/EngineMaterials/DefaultDiffuse.uasset" 262
"../../../Engine/Content/EngineMaterials/DefaultDiffuse.uexp" 263
"../../../Engine/Content/EngineMaterials/DefaultDiffuse.ubulk" 264
"../../../Engine/Content/EngineMaterials/DefaultDeferredDecalMaterial.uasset" 265
"../../../Engine/Content/EngineMaterials/DefaultDeferredDecalMaterial.uexp" 266
"../../../Engine/Content/EngineMaterials/DefaultLightFunctionMaterial.uasset" 267
"../../../Engine/Content/EngineMaterials/DefaultLightFunctionMaterial.uexp" 268
"../../../Engine/Content/Functions/Engine_MaterialFunctions02/Utility/BreakOutFloat2Components.uasset" 269
"../../../Engine/Content/Functions/Engine_MaterialFunctions02/Utility/BreakOutFloat2Components.uexp" 270
"../../../Engine/Content/EngineMaterials/DefaultPostProcessMaterial.uasset" 271
"../../../Engine/Content/EngineMaterials/DefaultPostProcessMaterial.uexp" 272
"../../../Engine/Content/EngineFonts/RobotoDistanceField.uasset" 273
"../../../Engine/Content/EngineFonts/RobotoDistanceField.uexp" 274
"../../../Engine/Content/EngineMaterials/DefaultTextMaterialOpaque.uasset" 275
"../../../Engine/Content/EngineMaterials/DefaultTextMaterialOpaque.uexp" 276
"../../../Engine/Content/EngineMaterials/DefaultWhiteGrid.uasset" 277
"../../../Engine/Content/EngineMaterials/DefaultWhiteGrid.uexp" 278
"../../../Engine/Content/EngineMaterials/DefaultWhiteGrid.ubulk" 279
"../../../Engine/Content/EngineMaterials/DefaultWhiteGrid_Low.uasset" 280
"../../../Engine/Content/EngineMaterials/DefaultWhiteGrid_Low.uexp" 281
"../../../Engine/Content/EngineMaterials/EmissiveMeshMaterial.uasset" 282
"../../../Engine/Content/EngineMaterials/EmissiveMeshMaterial.uexp" 283
"../../../Engine/Content/EngineMaterials/GizmoMaterial.uasset" 284
"../../../Engine/Content/EngineMaterials/GizmoMaterial.uexp" 285
"../../../Engine/Content/EngineMaterials/Good64x64TilingNoiseHighFreq.uasset" 286
"../../../Engine/Content/EngineMaterials/Good64x64TilingNoiseHighFreq.uexp" 287
"../../../Engine/Content/EngineMaterials/MiniFont.uasset" 288
"../../../Engine/Content/EngineMaterials/MiniFont.uexp" 289
"../../../Engine/Content/EngineMaterials/InvalidLightmapSettings.uasset" 290
"../../../Engine/Content/EngineMaterials/InvalidLightmapSettings.uexp" 291
"../../../Engine/Content/EngineMaterials/InvalidLightmapSettings.ubulk" 292
"../../../Engine/Content/EngineMaterials/M_InvalidLightmapSettings.uasset" 293
"../../../Engine/Content/EngineMaterials/M_InvalidLightmapSettings.uexp" 294
"../../../Engine/Content/Functions/Engine_MaterialFunctions02/WorldPositionOffset/CameraOffset.uasset" 295
"../../../Engine/Content/Functions/Engine_MaterialFunctions02/WorldPositionOffset/CameraOffset.uexp" 296
"../../../Engine/Content/EngineMaterials/PhAT_JointLimitMaterial.uasset" 297
"../../../Engine/Content/EngineMaterials/PhAT_JointLimitMaterial.uexp" 298
"../../../Engine/Content/EngineMaterials/DefaultCalibrationColor.uasset" 299
"../../../Engine/Content/EngineMaterials/DefaultCalibrationColor.uexp" 300
"../../../Engine/Content/EngineMaterials/PPM_DefaultCalibrationColor.uasset" 301
"../../../Engine/Content/EngineMaterials/PPM_DefaultCalibrationColor.uexp" 302
"../../../Engine/Content/EngineMaterials/DefaultCalibrationGrayscale.uasset" 303
"../../../Engine/Content/EngineMaterials/DefaultCalibrationGrayscale.uexp" 304
"../../../Engine/Content/EngineMaterials/PPM_DefaultCalibrationGrayscale.uasset" 305
"../../../Engine/Content/EngineMaterials/PPM_DefaultCalibrationGrayscale.uexp" 306
"../../../Engine/Content/EngineMaterials/PreintegratedSkinBRDF.uasset" 307
"../../../Engine/Content/EngineMaterials/PreintegratedSkinBRDF.uexp" 308
"../../../Engine/Content/EngineMaterials/RemoveSurfaceMaterial.uasset" 309
"../../../Engine/Content/EngineMaterials/RemoveSurfaceMaterial.uexp" 310
"../../../Engine/Content/EngineResources/WhiteSquareTexture.uasset" 311
"../../../Engine/Content/EngineResources/WhiteSquareTexture.uexp" 312
"../../../Engine/Content/EngineMaterials/Widget3DPassThrough.uasset" 313
"../../../Engine/Content/EngineMaterials/Widget3DPassThrough.uexp" 314
"../../../Engine/Content/EngineMaterials/Widget3DPassThrough_Masked.uasset" 315
"../../../Engine/Content/EngineMaterials/Widget3DPassThrough_Masked.uexp" 316
"../../../Engine/Content/EngineMaterials/Widget3DPassThrough_Opaque.uasset" 317
"../../../Engine/Content/EngineMaterials/Widget3DPassThrough_Opaque.uexp" 318
"../../../Engine/Content/EngineMaterials/Widget3DPassThrough_Masked_OneSided.uasset" 319
"../../../Engine/Content/EngineMaterials/Widget3DPassThrough_Masked_OneSided.uexp" 320
"../../../Engine/Content/EngineMaterials/Widget3DPassThrough_Opaque_OneSided.uasset" 321
"../../../Engine/Content/EngineMaterials/Widget3DPassThrough_Opaque_OneSided.uexp" 322
"../../../Engine/Content/EngineMaterials/Widget3DPassThrough_Translucent.uasset" 323
"../../../Engine/Content/EngineMaterials/Widget3DPassThrough_Translucent.uexp" 324
"../../../Engine/Content/EngineMaterials/Widget3DPassThrough_Translucent_OneSided.uasset" 325
"../../../Engine/Content/EngineMaterials/Widget3DPassThrough_Translucent_OneSided.uexp" 326
"../../../Engine/Content/EngineMeshes/Cube.uasset" 327
"../../../Engine/Content/EngineMeshes/Cube.uexp" 328
"../../../Engine/Content/EngineMeshes/Cylinder.uasset" 329
"../../../Engine/Content/EngineMeshes/Cylinder.uexp" 330
"../../../Engine/Content/EngineMeshes/Sphere.uasset" 331
"../../../Engine/Content/EngineMeshes/Sphere.uexp" 332
"../../../Engine/Content/EngineResources/DefaultTexture.uasset" 333
"../../../Engine/Content/EngineResources/DefaultTexture.uexp" 334
"../../../Engine/Content/EngineResources/DefaultTexture.ubulk" 335
"../../../Engine/Content/EngineResources/DefaultTextureCube.uasset" 336
"../../../Engine/Content/EngineResources/DefaultTextureCube.uexp" 337
"../../../Engine/Content/EngineResources/DefaultVolumeTexture2D.uasset" 338
"../../../Engine/Content/EngineResources/DefaultVolumeTexture2D.uexp" 339
"../../../Engine/Content/EngineResources/DefaultVolumeTexture.uasset" 340
"../../../Engine/Content/EngineResources/DefaultVolumeTexture.uexp" 341
"../../../Engine/Content/EngineResources/GradientTexture0.uasset" 342
"../../../Engine/Content/EngineResources/GradientTexture0.uexp" 343
"../../../Engine/Content/EngineSky/VolumetricClouds/T_NoiseShape64.uasset" 344
"../../../Engine/Content/EngineSky/VolumetricClouds/T_NoiseShape64.uexp" 345
"../../../Engine/Content/EngineSky/VolumetricClouds/T_NoiseShape64.ubulk" 346
"../../../Engine/Content/EngineSky/VolumetricClouds/T_VolumeNoiseShape64.uasset" 347
"../../../Engine/Content/EngineSky/VolumetricClouds/T_VolumeNoiseShape64.uexp" 348
"../../../Engine/Content/EngineSky/VolumetricClouds/T_NoiseErosion.uasset" 349
"../../../Engine/Content/EngineSky/VolumetricClouds/T_NoiseErosion.uexp" 350
"../../../Engine/Content/EngineSky/VolumetricClouds/T_NoiseErosion.ubulk" 351
"../../../Engine/Content/EngineSky/VolumetricClouds/T_VolumeNoiseErosion32.uasset" 352
"../../../Engine/Content/EngineSky/VolumetricClouds/T_VolumeNoiseErosion32.uexp" 353
"../../../Engine/Content/EngineSky/VolumetricClouds/CloudWeatherTexture.uasset" 354
"../../../Engine/Content/EngineSky/VolumetricClouds/CloudWeatherTexture.uexp" 355
"../../../Engine/Content/EngineSky/VolumetricClouds/CloudGradientTexture.uasset" 356
"../../../Engine/Content/EngineSky/VolumetricClouds/CloudGradientTexture.uexp" 357
"../../../Engine/Content/Functions/Engine_MaterialFunctions02/Utility/MakeFloat2.uasset" 358
"../../../Engine/Content/Functions/Engine_MaterialFunctions02/Utility/MakeFloat2.uexp" 359
"../../../Engine/Content/EngineSky/VolumetricClouds/m_SimpleVolumetricCloud.uasset" 360
"../../../Engine/Content/EngineSky/VolumetricClouds/m_SimpleVolumetricCloud.uexp" 361
"../../../Engine/Content/EngineSky/VolumetricClouds/m_SimpleVolumetricCloud_Inst.uasset" 362
"../../../Engine/Content/EngineSky/VolumetricClouds/m_SimpleVolumetricCloud_Inst.uexp" 363
"../../../Engine/Content/EngineSounds/Master.uasset" 364
"../../../Engine/Content/EngineSounds/Master.uexp" 365
"../../../Engine/Content/Functions/Engine_MaterialFunctions01/Shading/PowerToRoughness.uasset" 366
"../../../Engine/Content/Functions/Engine_MaterialFunctions01/Shading/PowerToRoughness.uexp" 367
"../../../Engine/Content/Functions/Engine_MaterialFunctions02/SafeNormalize.uasset" 368
"../../../Engine/Content/Functions/Engine_MaterialFunctions02/SafeNormalize.uexp" 369
"../../../Engine/Content/Functions/Engine_MaterialFunctions02/Math/CreateThirdOrthogonalVector.uasset" 370
"../../../Engine/Content/Functions/Engine_MaterialFunctions02/Math/CreateThirdOrthogonalVector.uexp" 371
"../../../Engine/Content/Functions/Engine_MaterialFunctions02/Utility/BreakOutFloat3Components.uasset" 372
"../../../Engine/Content/Functions/Engine_MaterialFunctions02/Utility/BreakOutFloat3Components.uexp" 373
"../../../Engine/Content/Functions/Engine_MaterialFunctions02/Math/Transform3x3Matrix.uasset" 374
"../../../Engine/Content/Functions/Engine_MaterialFunctions02/Math/Transform3x3Matrix.uexp" 375
"../../../Engine/Content/Maps/Templates/Thumbnails/Default.uasset" 376
"../../../Engine/Content/Maps/Templates/Thumbnails/Default.uexp" 377
"../../../Engine/Content/Maps/Templates/Thumbnails/TimeOfDay.uasset" 378
"../../../Engine/Content/Maps/Templates/Thumbnails/TimeOfDay.uexp" 379
"../../../Engine/Content/Maps/Templates/Thumbnails/VR-Basic.uasset" 380
"../../../Engine/Content/Maps/Templates/Thumbnails/VR-Basic.uexp" 381
"../../../Engine/Content/MobileResources/T_MobileControls_texture.uasset" 382
"../../../Engine/Content/MobileResources/T_MobileControls_texture.uexp" 383
"../../../Engine/Content/MobileResources/T_MobileMenu2.uasset" 384
"../../../Engine/Content/MobileResources/T_MobileMenu2.uexp" 385
"../../../Engine/Content/MobileResources/HUD/AnalogHat.uasset" 386
"../../../Engine/Content/MobileResources/HUD/AnalogHat.uexp" 387
"../../../Engine/Content/MobileResources/HUD/VirtualJoystick_Thumb.uasset" 388
"../../../Engine/Content/MobileResources/HUD/VirtualJoystick_Thumb.uexp" 389
"../../../Engine/Content/MobileResources/HUD/VirtualJoystick_Background.uasset" 390
"../../../Engine/Content/MobileResources/HUD/VirtualJoystick_Background.uexp" 391
"../../../Engine/Content/MobileResources/HUD/DefaultVirtualJoysticks.uasset" 392
"../../../Engine/Content/MobileResources/HUD/DefaultVirtualJoysticks.uexp" 393
"../../../Engine/Content/MobileResources/HUD/LeftVirtualJoystickOnly.uasset" 394
"../../../Engine/Content/MobileResources/HUD/LeftVirtualJoystickOnly.uexp" 395
"../../../Engine/Content/MobileResources/HUD/MobileHUDButton1_off.uasset" 396
"../../../Engine/Content/MobileResources/HUD/MobileHUDButton1_off.uexp" 397
"../../../Engine/Content/MobileResources/HUD/MobileHUDButton1_on.uasset" 398
"../../../Engine/Content/MobileResources/HUD/MobileHUDButton1_on.uexp" 399
"../../../Engine/Content/MobileResources/HUD/MobileHUDButton2_off.uasset" 400
"../../../Engine/Content/MobileResources/HUD/MobileHUDButton2_off.uexp" 401
"../../../Engine/Content/MobileResources/HUD/MobileHUDButton2_on.uasset" 402
"../../../Engine/Content/MobileResources/HUD/MobileHUDButton2_on.uexp" 403
"../../../Engine/Content/MobileResources/HUD/MobileHUDButton3.uasset" 404
"../../../Engine/Content/MobileResources/HUD/MobileHUDButton3.uexp" 405
"../../../Engine/Content/MobileResources/HUD/MobileHUDButtonFire.uasset" 406
"../../../Engine/Content/MobileResources/HUD/MobileHUDButtonFire.uexp" 407
"../../../Engine/Content/MobileResources/HUD/MobileHUDDirectionPad.uasset" 408
"../../../Engine/Content/MobileResources/HUD/MobileHUDDirectionPad.uexp" 409
"../../../Engine/Content/MobileResources/HUD/MobileHUDDirectionPad2.uasset" 410
"../../../Engine/Content/MobileResources/HUD/MobileHUDDirectionPad2.uexp" 411
"../../../Engine/Content/MobileResources/HUD/MobileHUDDirectionPad3.uasset" 412
"../../../Engine/Content/MobileResources/HUD/MobileHUDDirectionPad3.uexp" 413
"../../../Engine/Content/MobileResources/HUD/MobileHUDDirectionStick.uasset" 414
"../../../Engine/Content/MobileResources/HUD/MobileHUDDirectionStick.uexp" 415
"../../../Engine/Content/MobileResources/HUD/T_Castle_ThumbstickInner.uasset" 416
"../../../Engine/Content/MobileResources/HUD/T_Castle_ThumbstickInner.uexp" 417
"../../../Engine/Content/MobileResources/HUD/T_Castle_ThumbstickOutter.uasset" 418
"../../../Engine/Content/MobileResources/HUD/T_Castle_ThumbstickOutter.uexp" 419
"../../../Engine/Content/Tutorial/ContentIntroCurve.uasset" 420
"../../../Engine/Content/Tutorial/ContentIntroCurve.uexp" 421
"../../../Engine/Content/Tutorial/Basics/TutorialAssets/icon_tab_Levels_40x.uasset" 422
"../../../Engine/Content/Tutorial/Basics/TutorialAssets/icon_tab_Levels_40x.uexp" 423
"../../../Engine/Content/Tutorial/BlueprintTutorials/TutorialAssets/Blueprint_64x.uasset" 424
"../../../Engine/Content/Tutorial/BlueprintTutorials/TutorialAssets/Blueprint_64x.uexp" 425
"../../../Engine/Content/Tutorial/Landscape/TutorialAssets/Landscape.uasset" 426
"../../../Engine/Content/Tutorial/Landscape/TutorialAssets/Landscape.uexp" 427
"../../../Engine/Content/EditorBlueprintResources/StandardMacros.uasset" 428
"../../../Engine/Content/EditorBlueprintResources/StandardMacros.uexp" 429
"../../../Engine/Content/Tutorial/SubEditors/TutorialAssets/TutorialMaterial.uasset" 430
"../../../Engine/Content/Tutorial/SubEditors/TutorialAssets/TutorialMaterial.uexp" 431
"../../../Engine/Content/VREditor/TransformGizmo/TranslucentTransformGizmoMaterial.uasset" 432
"../../../Engine/Content/VREditor/TransformGizmo/TranslucentTransformGizmoMaterial.uexp" 433
"../../../Engine/Content/VREditor/LaserPointer/VR_LaserPower_01.uasset" 434
"../../../Engine/Content/VREditor/LaserPointer/VR_LaserPower_01.uexp" 435
"../../../Engine/Content/VREditor/LaserPointer/VR_LaserPower_01.ubulk" 436
"../../../Engine/Content/VREditor/TransformGizmo/TransformGizmoMaterial.uasset" 437
"../../../Engine/Content/VREditor/TransformGizmo/TransformGizmoMaterial.uexp" 438
"../../../Engine/Content/VREditor/TransformGizmo/BoundingBoxCorner.uasset" 439
"../../../Engine/Content/VREditor/TransformGizmo/BoundingBoxCorner.uexp" 440
"../../../Engine/Content/VREditor/TransformGizmo/BoundingBoxEdge.uasset" 441
"../../../Engine/Content/VREditor/TransformGizmo/BoundingBoxEdge.uexp" 442
"../../../Engine/Content/VREditor/TransformGizmo/PlaneTranslationHandle.uasset" 443
"../../../Engine/Content/VREditor/TransformGizmo/PlaneTranslationHandle.uexp" 444
"../../../Engine/Content/VREditor/TransformGizmo/Xray.uasset" 445
"../../../Engine/Content/VREditor/TransformGizmo/Xray.uexp" 446
"../../../Engine/Content/VREditor/TransformGizmo/Main.uasset" 447
"../../../Engine/Content/VREditor/TransformGizmo/Main.uexp" 448
"../../../Engine/Content/VREditor/TransformGizmo/SM_Sequencer_Key.uasset" 449
"../../../Engine/Content/VREditor/TransformGizmo/SM_Sequencer_Key.uexp" 450
"../../../Engine/Content/VREditor/TransformGizmo/SM_Sequencer_Node.uasset" 451
"../../../Engine/Content/VREditor/TransformGizmo/SM_Sequencer_Node.uexp" 452
"../../../Engine/Plugins/2D/Paper2D/Content/PlaceholderTextures/DummySpriteTexture.uasset" 453
"../../../Engine/Plugins/2D/Paper2D/Content/PlaceholderTextures/DummySpriteTexture.uexp" 454
"../../../Engine/Plugins/2D/Paper2D/Content/PlaceholderTextures/DummySpriteTexture.ubulk" 455
"../../../Engine/Plugins/2D/Paper2D/Content/DummySprite.uasset" 456
"../../../Engine/Plugins/2D/Paper2D/Content/DummySprite.uexp" 457
"../../../Engine/Plugins/2D/Paper2D/Content/DefaultPaperTerrainMaterial.uasset" 458
"../../../Engine/Plugins/2D/Paper2D/Content/DefaultPaperTerrainMaterial.uexp" 459
"../../../Engine/Plugins/2D/Paper2D/Content/DefaultSpriteMaterial.uasset" 460
"../../../Engine/Plugins/2D/Paper2D/Content/DefaultSpriteMaterial.uexp" 461
"../../../Engine/Plugins/2D/Paper2D/Content/MaskedUnlitSpriteMaterial.uasset" 462
"../../../Engine/Plugins/2D/Paper2D/Content/MaskedUnlitSpriteMaterial.uexp" 463
"../../../Engine/Plugins/2D/Paper2D/Content/OpaqueUnlitSpriteMaterial.uasset" 464
"../../../Engine/Plugins/2D/Paper2D/Content/OpaqueUnlitSpriteMaterial.uexp" 465
"../../../Engine/Content/Functions/Engine_MaterialFunctions02/ObjectLocalBounds.uasset" 466
"../../../Engine/Content/Functions/Engine_MaterialFunctions02/ObjectLocalBounds.uexp" 467
"../../../Engine/Content/Functions/Engine_MaterialFunctions02/Utility/VectorLength.uasset" 468
"../../../Engine/Content/Functions/Engine_MaterialFunctions02/Utility/VectorLength.uexp" 469
"../../../Engine/Content/Functions/Engine_MaterialFunctions02/WorldPositionOffset/ObjectScale.uasset" 470
"../../../Engine/Content/Functions/Engine_MaterialFunctions02/WorldPositionOffset/ObjectScale.uexp" 471
"../../../Engine/Plugins/Editor/SpeedTreeImporter/Content/SpeedTree9/UnpackInteger3.uasset" 472
"../../../Engine/Plugins/Editor/SpeedTreeImporter/Content/SpeedTree9/UnpackInteger3.uexp" 473
"../../../Engine/Plugins/Editor/SpeedTreeImporter/Content/SpeedTree9/UnpackDirection.uasset" 474
"../../../Engine/Plugins/Editor/SpeedTreeImporter/Content/SpeedTree9/UnpackDirection.uexp" 475
"../../../Engine/Plugins/Editor/SpeedTreeImporter/Content/SpeedTree9/game_wind_noise.uasset" 476
"../../../Engine/Plugins/Editor/SpeedTreeImporter/Content/SpeedTree9/game_wind_noise.uexp" 477
"../../../Engine/Plugins/Editor/SpeedTreeImporter/Content/SpeedTree9/game_wind_noise.ubulk" 478
"../../../Engine/Plugins/Editor/SpeedTreeImporter/Content/SpeedTree9/SpeedTreeWindMotion.uasset" 479
"../../../Engine/Plugins/Editor/SpeedTreeImporter/Content/SpeedTree9/SpeedTreeWindMotion.uexp" 480
"../../../Engine/Plugins/Editor/SpeedTreeImporter/Content/SpeedTree9/SpeedTreeBranchMotion.uasset" 481
"../../../Engine/Plugins/Editor/SpeedTreeImporter/Content/SpeedTree9/SpeedTreeBranchMotion.uexp" 482
"../../../Engine/Content/Functions/Engine_MaterialFunctions02/UVs/BoundingBoxBased_0-1_UVW.uasset" 483
"../../../Engine/Content/Functions/Engine_MaterialFunctions02/UVs/BoundingBoxBased_0-1_UVW.uexp" 484
"../../../Engine/Plugins/Editor/SpeedTreeImporter/Content/SpeedTree9/SpeedTreeWind.uasset" 485
"../../../Engine/Plugins/Editor/SpeedTreeImporter/Content/SpeedTree9/SpeedTreeWind.uexp" 486
"../../../Engine/Plugins/Editor/SpeedTreeImporter/Content/SpeedTree9/SpeedTreeBillboard.uasset" 487
"../../../Engine/Plugins/Editor/SpeedTreeImporter/Content/SpeedTree9/SpeedTreeBillboard.uexp" 488
"../../../Engine/Plugins/Editor/SpeedTreeImporter/Content/SpeedTree9/EmptyNormal.uasset" 489
"../../../Engine/Plugins/Editor/SpeedTreeImporter/Content/SpeedTree9/EmptyNormal.uexp" 490
"../../../Engine/Plugins/Editor/SpeedTreeImporter/Content/SpeedTree9/Empty.uasset" 491
"../../../Engine/Plugins/Editor/SpeedTreeImporter/Content/SpeedTree9/Empty.uexp" 492
"../../../Engine/Plugins/Editor/SpeedTreeImporter/Content/SpeedTree9/SpeedTreeBillboardMaster.uasset" 493
"../../../Engine/Plugins/Editor/SpeedTreeImporter/Content/SpeedTree9/SpeedTreeBillboardMaster.uexp" 494
"../../../Engine/Plugins/Editor/SpeedTreeImporter/Content/SpeedTree9/SpeedTreeCameraFacing.uasset" 495
"../../../Engine/Plugins/Editor/SpeedTreeImporter/Content/SpeedTree9/SpeedTreeCameraFacing.uexp" 496
"../../../Engine/Plugins/Editor/SpeedTreeImporter/Content/SpeedTree9/SpeedTreeMaster.uasset" 497
"../../../Engine/Plugins/Editor/SpeedTreeImporter/Content/SpeedTree9/SpeedTreeMaster.uexp" 498
"../../../Engine/Content/ArtTools/RenderToTexture/Materials/Debug/M_Emissive_Color.uasset" 499
"../../../Engine/Content/ArtTools/RenderToTexture/Materials/Debug/M_Emissive_Color.uexp" 500
"../../../Engine/Content/BasicShapes/Cylinder.uasset" 501
"../../../Engine/Content/BasicShapes/Cylinder.uexp" 502
"../../../Engine/Plugins/Lumin/MagicLeapPassableWorld/Content/MagicLeapARPinInfoActor.uasset" 503
"../../../Engine/Plugins/Lumin/MagicLeapPassableWorld/Content/MagicLeapARPinInfoActor.uexp" 504
"../../../Engine/Content/EngineResources/Black.uasset" 505
"../../../Engine/Content/EngineResources/Black.uexp" 506
"../../../Engine/Plugins/Runtime/OpenXR/Content/Devices/GoogleDaydream/MRTexture.uasset" 507
"../../../Engine/Plugins/Runtime/OpenXR/Content/Devices/GoogleDaydream/MRTexture.uexp" 508
"../../../Engine/Plugins/Runtime/OpenXR/Content/Devices/GoogleDaydream/MRTexture.ubulk" 509
"../../../Engine/Plugins/Runtime/OpenXR/Content/Devices/GoogleDaydream/BaseTexture.uasset" 510
"../../../Engine/Plugins/Runtime/OpenXR/Content/Devices/GoogleDaydream/BaseTexture.uexp" 511
"../../../Engine/Plugins/Runtime/OpenXR/Content/Devices/GoogleDaydream/BaseTexture.ubulk" 512
"../../../Engine/Plugins/Runtime/OpenXR/Content/Devices/M_XRController.uasset" 513
"../../../Engine/Plugins/Runtime/OpenXR/Content/Devices/M_XRController.uexp" 514
"../../../Engine/Plugins/Runtime/OpenXR/Content/Devices/GoogleDaydream/MI_GoogleDaydream.uasset" 515
"../../../Engine/Plugins/Runtime/OpenXR/Content/Devices/GoogleDaydream/MI_GoogleDaydream.uexp" 516
"../../../Engine/Plugins/Runtime/OpenXR/Content/Devices/GoogleDaydream/GoogleDaydreamController.uasset" 517
"../../../Engine/Plugins/Runtime/OpenXR/Content/Devices/GoogleDaydream/GoogleDaydreamController.uexp" 518
"../../../Engine/Plugins/Runtime/OpenXR/Content/Devices/HTCVive/BaseTexture.uasset" 519
"../../../Engine/Plugins/Runtime/OpenXR/Content/Devices/HTCVive/BaseTexture.uexp" 520
"../../../Engine/Plugins/Runtime/OpenXR/Content/Devices/HTCVive/BaseTexture.ubulk" 521
"../../../Engine/Plugins/Runtime/OpenXR/Content/Devices/HTCVive/MI_HTCVive.uasset" 522
"../../../Engine/Plugins/Runtime/OpenXR/Content/Devices/HTCVive/MI_HTCVive.uexp" 523
"../../../Engine/Plugins/Runtime/OpenXR/Content/Devices/HTCVive/HTCViveController.uasset" 524
"../../../Engine/Plugins/Runtime/OpenXR/Content/Devices/HTCVive/HTCViveController.uexp" 525
"../../../Engine/Plugins/Runtime/OpenXR/Content/Devices/MicrosoftMixedReality/NormalTexture.uasset" 526
"../../../Engine/Plugins/Runtime/OpenXR/Content/Devices/MicrosoftMixedReality/NormalTexture.uexp" 527
"../../../Engine/Plugins/Runtime/OpenXR/Content/Devices/MicrosoftMixedReality/NormalTexture.ubulk" 528
"../../../Engine/Plugins/Runtime/OpenXR/Content/Devices/MicrosoftMixedReality/MRTexture.uasset" 529
"../../../Engine/Plugins/Runtime/OpenXR/Content/Devices/MicrosoftMixedReality/MRTexture.uexp" 530
"../../../Engine/Plugins/Runtime/OpenXR/Content/Devices/MicrosoftMixedReality/MRTexture.ubulk" 531
"../../../Engine/Plugins/Runtime/OpenXR/Content/Devices/MicrosoftMixedReality/EmissiveTexture.uasset" 532
"../../../Engine/Plugins/Runtime/OpenXR/Content/Devices/MicrosoftMixedReality/EmissiveTexture.uexp" 533
"../../../Engine/Plugins/Runtime/OpenXR/Content/Devices/MicrosoftMixedReality/EmissiveTexture.ubulk" 534
"../../../Engine/Plugins/Runtime/OpenXR/Content/Devices/MicrosoftMixedReality/BaseTexture.uasset" 535
"../../../Engine/Plugins/Runtime/OpenXR/Content/Devices/MicrosoftMixedReality/BaseTexture.uexp" 536
"../../../Engine/Plugins/Runtime/OpenXR/Content/Devices/MicrosoftMixedReality/BaseTexture.ubulk" 537
"../../../Engine/Plugins/Runtime/OpenXR/Content/Devices/MicrosoftMixedReality/MI_MicrosoftMixedReality.uasset" 538
"../../../Engine/Plugins/Runtime/OpenXR/Content/Devices/MicrosoftMixedReality/MI_MicrosoftMixedReality.uexp" 539
"../../../Engine/Plugins/Runtime/OpenXR/Content/Devices/MicrosoftMixedReality/Left/left_MicrosoftMixedRealityController.uasset" 540
"../../../Engine/Plugins/Runtime/OpenXR/Content/Devices/MicrosoftMixedReality/Left/left_MicrosoftMixedRealityController.uexp" 541
"../../../Engine/Plugins/Runtime/OpenXR/Content/Devices/MicrosoftMixedReality/Right/right_MicrosoftMixedRealityController.uasset" 542
"../../../Engine/Plugins/Runtime/OpenXR/Content/Devices/MicrosoftMixedReality/Right/right_MicrosoftMixedRealityController.uexp" 543
"../../../Engine/Plugins/Runtime/OpenXR/Content/Devices/OculusGo/BaseTexture.uasset" 544
"../../../Engine/Plugins/Runtime/OpenXR/Content/Devices/OculusGo/BaseTexture.uexp" 545
"../../../Engine/Plugins/Runtime/OpenXR/Content/Devices/OculusGo/BaseTexture.ubulk" 546
"../../../Engine/Plugins/Runtime/OpenXR/Content/Devices/OculusGo/MI_OculusGo.uasset" 547
"../../../Engine/Plugins/Runtime/OpenXR/Content/Devices/OculusGo/MI_OculusGo.uexp" 548
"../../../Engine/Plugins/Runtime/OpenXR/Content/Devices/OculusGo/OculusGoController.uasset" 549
"../../../Engine/Plugins/Runtime/OpenXR/Content/Devices/OculusGo/OculusGoController.uexp" 550
"../../../Engine/Plugins/Runtime/OpenXR/Content/Devices/OculusTouch/MRTexture.uasset" 551
"../../../Engine/Plugins/Runtime/OpenXR/Content/Devices/OculusTouch/MRTexture.uexp" 552
"../../../Engine/Plugins/Runtime/OpenXR/Content/Devices/OculusTouch/MRTexture.ubulk" 553
"../../../Engine/Plugins/Runtime/OpenXR/Content/Devices/OculusTouch/BaseTexture.uasset" 554
"../../../Engine/Plugins/Runtime/OpenXR/Content/Devices/OculusTouch/BaseTexture.uexp" 555
"../../../Engine/Plugins/Runtime/OpenXR/Content/Devices/OculusTouch/BaseTexture.ubulk" 556
"../../../Engine/Plugins/Runtime/OpenXR/Content/Devices/OculusTouch/MI_OculusTouch.uasset" 557
"../../../Engine/Plugins/Runtime/OpenXR/Content/Devices/OculusTouch/MI_OculusTouch.uexp" 558
"../../../Engine/Plugins/Runtime/OpenXR/Content/Devices/OculusTouch/Left/left_OculusTouchController.uasset" 559
"../../../Engine/Plugins/Runtime/OpenXR/Content/Devices/OculusTouch/Left/left_OculusTouchController.uexp" 560
"../../../Engine/Plugins/Runtime/OpenXR/Content/Devices/OculusTouch/Right/right_OculusTouchController.uasset" 561
"../../../Engine/Plugins/Runtime/OpenXR/Content/Devices/OculusTouch/Right/right_OculusTouchController.uexp" 562
"../../../Engine/Plugins/Runtime/OpenXR/Content/Devices/OculusTouch_v2/MRTexture.uasset" 563
"../../../Engine/Plugins/Runtime/OpenXR/Content/Devices/OculusTouch_v2/MRTexture.uexp" 564
"../../../Engine/Plugins/Runtime/OpenXR/Content/Devices/OculusTouch_v2/MRTexture.ubulk" 565
"../../../Engine/Plugins/Runtime/OpenXR/Content/Devices/OculusTouch_v2/BaseTexture.uasset" 566
"../../../Engine/Plugins/Runtime/OpenXR/Content/Devices/OculusTouch_v2/BaseTexture.uexp" 567
"../../../Engine/Plugins/Runtime/OpenXR/Content/Devices/OculusTouch_v2/BaseTexture.ubulk" 568
"../../../Engine/Plugins/Runtime/OpenXR/Content/Devices/OculusTouch_v2/MI_OculusTouch_v2.uasset" 569
"../../../Engine/Plugins/Runtime/OpenXR/Content/Devices/OculusTouch_v2/MI_OculusTouch_v2.uexp" 570
"../../../Engine/Plugins/Runtime/OpenXR/Content/Devices/OculusTouch_v2/Left/left_OculusTouch_v2Controller.uasset" 571
"../../../Engine/Plugins/Runtime/OpenXR/Content/Devices/OculusTouch_v2/Left/left_OculusTouch_v2Controller.uexp" 572
"../../../Engine/Plugins/Runtime/OpenXR/Content/Devices/OculusTouch_v2/Right/right_OculusTouch_v2Controller.uasset" 573
"../../../Engine/Plugins/Runtime/OpenXR/Content/Devices/OculusTouch_v2/Right/right_OculusTouch_v2Controller.uexp" 574
"../../../Engine/Plugins/Runtime/OpenXR/Content/Devices/OculusTouch_v3/MRTexture.uasset" 575
"../../../Engine/Plugins/Runtime/OpenXR/Content/Devices/OculusTouch_v3/MRTexture.uexp" 576
"../../../Engine/Plugins/Runtime/OpenXR/Content/Devices/OculusTouch_v3/MRTexture.ubulk" 577
"../../../Engine/Plugins/Runtime/OpenXR/Content/Devices/OculusTouch_v3/BaseTexture.uasset" 578
"../../../Engine/Plugins/Runtime/OpenXR/Content/Devices/OculusTouch_v3/BaseTexture.uexp" 579
"../../../Engine/Plugins/Runtime/OpenXR/Content/Devices/OculusTouch_v3/BaseTexture.ubulk" 580
"../../../Engine/Plugins/Runtime/OpenXR/Content/Devices/OculusTouch_v3/MI_OculusTouch_v3.uasset" 581
"../../../Engine/Plugins/Runtime/OpenXR/Content/Devices/OculusTouch_v3/MI_OculusTouch_v3.uexp" 582
"../../../Engine/Plugins/Runtime/OpenXR/Content/Devices/OculusTouch_v3/Left/left_OculusTouch_v3Controller.uasset" 583
"../../../Engine/Plugins/Runtime/OpenXR/Content/Devices/OculusTouch_v3/Left/left_OculusTouch_v3Controller.uexp" 584
"../../../Engine/Plugins/Runtime/OpenXR/Content/Devices/OculusTouch_v3/Right/right_OculusTouch_v3Controller.uasset" 585
"../../../Engine/Plugins/Runtime/OpenXR/Content/Devices/OculusTouch_v3/Right/right_OculusTouch_v3Controller.uexp" 586
"../../../Engine/Plugins/Runtime/OpenXR/Content/Devices/ValveIndex/MRTexture.uasset" 587
"../../../Engine/Plugins/Runtime/OpenXR/Content/Devices/ValveIndex/MRTexture.uexp" 588
"../../../Engine/Plugins/Runtime/OpenXR/Content/Devices/ValveIndex/MRTexture.ubulk" 589
"../../../Engine/Plugins/Runtime/OpenXR/Content/Devices/ValveIndex/BaseTexture.uasset" 590
"../../../Engine/Plugins/Runtime/OpenXR/Content/Devices/ValveIndex/BaseTexture.uexp" 591
"../../../Engine/Plugins/Runtime/OpenXR/Content/Devices/ValveIndex/BaseTexture.ubulk" 592
"../../../Engine/Plugins/Runtime/OpenXR/Content/Devices/ValveIndex/Left/MI_left_ValveIndex.uasset" 593
"../../../Engine/Plugins/Runtime/OpenXR/Content/Devices/ValveIndex/Left/MI_left_ValveIndex.uexp" 594
"../../../Engine/Plugins/Runtime/OpenXR/Content/Devices/ValveIndex/Left/left_ValveIndexController.uasset" 595
"../../../Engine/Plugins/Runtime/OpenXR/Content/Devices/ValveIndex/Left/left_ValveIndexController.uexp" 596
"../../../Engine/Plugins/Runtime/OpenXR/Content/Devices/ValveIndex/Right/MI_right_ValveIndex.uasset" 597
"../../../Engine/Plugins/Runtime/OpenXR/Content/Devices/ValveIndex/Right/MI_right_ValveIndex.uexp" 598
"../../../Engine/Plugins/Runtime/OpenXR/Content/Devices/ValveIndex/Right/right_ValveIndexController.uasset" 599
"../../../Engine/Plugins/Runtime/OpenXR/Content/Devices/ValveIndex/Right/right_ValveIndexController.uexp" 600
"../../../Engine/Content/Functions/Engine_MaterialFunctions02/Utility/BreakOutFloat4Components.uasset" 601
"../../../Engine/Content/Functions/Engine_MaterialFunctions02/Utility/BreakOutFloat4Components.uexp" 602
"../../../Engine/Content/Functions/Engine_MaterialFunctions02/Utility/MakeFloat3.uasset" 603
"../../../Engine/Content/Functions/Engine_MaterialFunctions02/Utility/MakeFloat3.uexp" 604
"../../../Engine/Plugins/Runtime/Oculus/OculusVR/Content/Materials/OculusMR_ChromaKey.uasset" 605
"../../../Engine/Plugins/Runtime/Oculus/OculusVR/Content/Materials/OculusMR_ChromaKey.uexp" 606
"../../../Engine/Plugins/Runtime/Oculus/OculusVR/Content/Materials/OculusMR_OpaqueColoredMaterial.uasset" 607
"../../../Engine/Plugins/Runtime/Oculus/OculusVR/Content/Materials/OculusMR_OpaqueColoredMaterial.uexp" 608
"../../../Engine/Plugins/Runtime/Oculus/OculusVR/Content/Materials/PokeAHoleMaterial.uasset" 609
"../../../Engine/Plugins/Runtime/Oculus/OculusVR/Content/Materials/PokeAHoleMaterial.uexp" 610
"../../../Engine/Plugins/Runtime/Oculus/OculusVR/Content/Textures/touchController_controlmap.uasset" 611
"../../../Engine/Plugins/Runtime/Oculus/OculusVR/Content/Textures/touchController_controlmap.uexp" 612
"../../../Engine/Plugins/Runtime/Oculus/OculusVR/Content/Textures/touchController_controlmap.ubulk" 613
"../../../Engine/Plugins/Runtime/Oculus/OculusVR/Content/Textures/touchController_albedo.uasset" 614
"../../../Engine/Plugins/Runtime/Oculus/OculusVR/Content/Textures/touchController_albedo.uexp" 615
"../../../Engine/Plugins/Runtime/Oculus/OculusVR/Content/Textures/touchController_albedo.ubulk" 616
"../../../Engine/Plugins/Runtime/Oculus/OculusVR/Content/Materials/touchController_mat.uasset" 617
"../../../Engine/Plugins/Runtime/Oculus/OculusVR/Content/Materials/touchController_mat.uexp" 618
"../../../Engine/Plugins/Runtime/Oculus/OculusVR/Content/Meshes/LeftTouchController.uasset" 619
"../../../Engine/Plugins/Runtime/Oculus/OculusVR/Content/Meshes/LeftTouchController.uexp" 620
"../../../Engine/Plugins/Runtime/Oculus/OculusVR/Content/Textures/TouchForQuestRiftSController_albedo.uasset" 621
"../../../Engine/Plugins/Runtime/Oculus/OculusVR/Content/Textures/TouchForQuestRiftSController_albedo.uexp" 622
"../../../Engine/Plugins/Runtime/Oculus/OculusVR/Content/Textures/TouchForQuestRiftSController_albedo.ubulk" 623
"../../../Engine/Plugins/Runtime/Oculus/OculusVR/Content/Materials/TouchForQuestRiftSControllerMaterial.uasset" 624
"../../../Engine/Plugins/Runtime/Oculus/OculusVR/Content/Materials/TouchForQuestRiftSControllerMaterial.uexp" 625
"../../../Engine/Plugins/Runtime/Oculus/OculusVR/Content/Meshes/LeftTouchForQuestRiftSController.uasset" 626
"../../../Engine/Plugins/Runtime/Oculus/OculusVR/Content/Meshes/LeftTouchForQuestRiftSController.uexp" 627
"../../../Engine/Plugins/Runtime/Oculus/OculusVR/Content/Meshes/RiftHMD.uasset" 628
"../../../Engine/Plugins/Runtime/Oculus/OculusVR/Content/Meshes/RiftHMD.uexp" 629
"../../../Engine/Plugins/Runtime/Oculus/OculusVR/Content/Meshes/RightTouchController.uasset" 630
"../../../Engine/Plugins/Runtime/Oculus/OculusVR/Content/Meshes/RightTouchController.uexp" 631
"../../../Engine/Plugins/Runtime/Oculus/OculusVR/Content/Meshes/RightTouchForQuestRiftSController.uasset" 632
"../../../Engine/Plugins/Runtime/Oculus/OculusVR/Content/Meshes/RightTouchForQuestRiftSController.uexp" 633
"../../../Engine/Content/EngineFonts/Faces/RobotoRegular.uasset" 634
"../../../Engine/Content/EngineFonts/Faces/RobotoRegular.uexp" 635
"../../../Engine/Content/EngineFonts/Faces/RobotoRegular.ufont" 636
"../../../Engine/Content/EngineFonts/Faces/RobotoLight.uasset" 637
"../../../Engine/Content/EngineFonts/Faces/RobotoLight.uexp" 638
"../../../Engine/Content/EngineFonts/Faces/RobotoLight.ufont" 639
"../../../Engine/Content/EngineFonts/Faces/RobotoItalic.uasset" 640
"../../../Engine/Content/EngineFonts/Faces/RobotoItalic.uexp" 641
"../../../Engine/Content/EngineFonts/Faces/RobotoItalic.ufont" 642
"../../../Engine/Content/EngineFonts/Faces/RobotoBoldItalic.uasset" 643
"../../../Engine/Content/EngineFonts/Faces/RobotoBoldItalic.uexp" 644
"../../../Engine/Content/EngineFonts/Faces/RobotoBoldItalic.ufont" 645
"../../../Engine/Content/EngineFonts/Faces/RobotoBold.uasset" 646
"../../../Engine/Content/EngineFonts/Faces/RobotoBold.uexp" 647
"../../../Engine/Content/EngineFonts/Faces/RobotoBold.ufont" 648
"../../../Engine/Content/EngineFonts/Faces/DroidSansFallback.uasset" 649
"../../../Engine/Content/EngineFonts/Faces/DroidSansFallback.uexp" 650
"../../../Engine/Content/EngineFonts/Faces/DroidSansFallback.ufont" 651
"../../../Engine/Content/EngineFonts/Roboto.uasset" 652
"../../../Engine/Content/EngineFonts/Roboto.uexp" 653
"../../../Engine/Content/EngineMaterials/DefaultPhysicalMaterial.uasset" 654
"../../../Engine/Content/EngineMaterials/DefaultPhysicalMaterial.uexp" 655
"C:/Users/jaheoung/Desktop/study2/FirstGame 4.27/Content/FirstMap_BuiltData.uasset" 656
"C:/Users/jaheoung/Desktop/study2/FirstGame 4.27/Content/FirstMap_BuiltData.uexp" 657
"C:/Users/jaheoung/Desktop/study2/FirstGame 4.27/Content/FirstMap_BuiltData.ubulk" 658
"C:/Users/jaheoung/Desktop/study2/FirstGame 4.27/Content/MyResource/BP_MyPlayerController.uasset" 659
"C:/Users/jaheoung/Desktop/study2/FirstGame 4.27/Content/MyResource/BP_MyPlayerController.uexp" 660
"C:/Users/jaheoung/Desktop/study2/FirstGame 4.27/Content/MyResource/BP_CamShake.uasset" 661
"C:/Users/jaheoung/Desktop/study2/FirstGame 4.27/Content/MyResource/BP_CamShake.uexp" 662
"C:/Users/jaheoung/Desktop/study2/FirstGame 4.27/Content/BP_FirstGameGameModeBase.uasset" 663
"C:/Users/jaheoung/Desktop/study2/FirstGame 4.27/Content/BP_FirstGameGameModeBase.uexp" 664
"C:/Users/jaheoung/Desktop/study2/FirstGame 4.27/Content/FirstMap.uexp" 665
"C:/Users/jaheoung/Desktop/study2/FirstGame 4.27/Content/FirstMap.ubulk" 666
"C:/Users/jaheoung/Desktop/study2/FirstGame 4.27/Content/FirstMap.umap" 667
"../../../Engine/Content/Maps/Entry_BuiltData.uasset" 668
"../../../Engine/Content/Maps/Entry_BuiltData.uexp" 669
"../../../Engine/Content/Maps/Entry.uexp" 670
"../../../Engine/Content/Maps/Entry.umap" 671
